checking for -arch x86_64... yes
x264 configure script
Command line options: "--enable-static" "--enable-pic" "--disable-cli" "--extra-cflags=-arch" "x86_64" "-mios-simulator-version-min=7.0" "--extra-ldflags=-arch" "x86_64" "-mios-simulator-version-min=7.0" "--prefix=/Users/toptierlabs/Desktop/Projects/test/x264/thin-x264/x86_64"

checking whether xcrun -sdk iphonesimulator clang -Wno-error=unused-command-line-argument-hard-error-in-future -arch x86_64 works... yes
checking whether xcrun -sdk iphonesimulator clang -Wno-error=unused-command-line-argument-hard-error-in-future -arch x86_64 supports for( int i = 0; i < 9; i++ ); with -std=gnu99... yes
checking whether yasm supports vpmovzxwd ymm0, xmm0... yes
checking whether xcrun -sdk iphonesimulator clang -Wno-error=unused-command-line-argument-hard-error-in-future -arch x86_64 supports __asm__("pabsw %xmm0, %xmm0");... yes
checking for -mpreferred-stack-boundary=5... no
Failed commandline was:
--------------------------------------------------
xcrun -sdk iphonesimulator clang -Wno-error=unused-command-line-argument-hard-error-in-future -arch x86_64 conftest.c -m64  -Wall -I. -I$(SRCPATH) -arch x86_64 -mios-simulator-version-min=7.0 -arch x86_64 -std=gnu99  -mpreferred-stack-boundary=5  -m64  -arch x86_64 -mios-simulator-version-min=7.0 -lm -arch x86_64 -o conftest
clang: error: unknown argument: '-mpreferred-stack-boundary=5'
--------------------------------------------------
Failed program was:
--------------------------------------------------
int main (void) {  return 0; }
--------------------------------------------------
checking for pthread_create(0,0,0,0); in pthread.h... yes
checking for return log2f(2); in math.h... no
Failed commandline was:
--------------------------------------------------
xcrun -sdk iphonesimulator clang -Wno-error=unused-command-line-argument-hard-error-in-future -arch x86_64 conftest.c -m64  -Wall -I. -I$(SRCPATH) -arch x86_64 -mios-simulator-version-min=7.0 -arch x86_64 -std=gnu99  -Werror  -m64  -arch x86_64 -mios-simulator-version-min=7.0 -lm -arch x86_64 -lpthread -o conftest
error: unknown warning option '-Werror=unused-command-line-argument-hard-error-in-future'; did you mean '-Werror=unused-command-line-argument'? [-Werror,-Wunknown-warning-option]
--------------------------------------------------
Failed program was:
--------------------------------------------------
#include <math.h>
int main (void) { return log2f(2); return 0; }
--------------------------------------------------
checking for sws_init_context(0,0,0); in libswscale/swscale.h... no
Failed commandline was:
--------------------------------------------------
xcrun -sdk iphonesimulator clang -Wno-error=unused-command-line-argument-hard-error-in-future -arch x86_64 conftest.c -m64  -Wall -I. -I$(SRCPATH) -arch x86_64 -mios-simulator-version-min=7.0 -arch x86_64 -std=gnu99   -I/usr/local/Cellar/ffmpeg/2.4.3/include   -L/usr/local/Cellar/ffmpeg/2.4.3/lib -lswscale -lavutil   -m64  -arch x86_64 -mios-simulator-version-min=7.0 -lm -arch x86_64 -lpthread -o conftest
warning: unknown warning option '-Werror=unused-command-line-argument-hard-error-in-future'; did you mean '-Werror=unused-command-line-argument'? [-Wunknown-warning-option]
1 warning generated.
ld: building for iOS Simulator, but linking against dylib built for MacOSX file '/usr/local/Cellar/ffmpeg/2.4.3/lib/libswscale.dylib' for architecture x86_64
clang: error: linker command failed with exit code 1 (use -v to see invocation)
--------------------------------------------------
Failed program was:
--------------------------------------------------
#include <libswscale/swscale.h>
int main (void) { sws_init_context(0,0,0); return 0; }
--------------------------------------------------
checking for av_frame_free(0); in libavformat/avformat.h... no
Failed commandline was:
--------------------------------------------------
xcrun -sdk iphonesimulator clang -Wno-error=unused-command-line-argument-hard-error-in-future -arch x86_64 conftest.c -m64  -Wall -I. -I$(SRCPATH) -arch x86_64 -mios-simulator-version-min=7.0 -arch x86_64 -std=gnu99   -I/usr/local/Cellar/ffmpeg/2.4.3/include  -L.  -L/usr/local/Cellar/ffmpeg/2.4.3/lib -lavformat -lavcodec -lavutil -lswscale   -m64  -arch x86_64 -mios-simulator-version-min=7.0 -lm -arch x86_64 -lpthread -o conftest
warning: unknown warning option '-Werror=unused-command-line-argument-hard-error-in-future'; did you mean '-Werror=unused-command-line-argument'? [-Wunknown-warning-option]
1 warning generated.
ld: building for iOS Simulator, but linking against dylib built for MacOSX file '/usr/local/Cellar/ffmpeg/2.4.3/lib/libavformat.dylib' for architecture x86_64
clang: error: linker command failed with exit code 1 (use -v to see invocation)
--------------------------------------------------
Failed program was:
--------------------------------------------------
#include <libavformat/avformat.h>
int main (void) { av_frame_free(0); return 0; }
--------------------------------------------------
checking for FFMS_DestroyVideoSource(0); in ffms.h... no
Failed commandline was:
--------------------------------------------------
xcrun -sdk iphonesimulator clang -Wno-error=unused-command-line-argument-hard-error-in-future -arch x86_64 conftest.c -m64  -Wall -I. -I$(SRCPATH) -arch x86_64 -mios-simulator-version-min=7.0 -arch x86_64 -std=gnu99   -lffms2  -m64  -arch x86_64 -mios-simulator-version-min=7.0 -lm -arch x86_64 -lpthread -o conftest
warning: unknown warning option '-Werror=unused-command-line-argument-hard-error-in-future'; did you mean '-Werror=unused-command-line-argument'? [-Wunknown-warning-option]
conftest.c:1:10: fatal error: 'ffms.h' file not found
#include <ffms.h>
         ^
1 warning and 1 error generated.
--------------------------------------------------
Failed program was:
--------------------------------------------------
#include <ffms.h>
int main (void) { FFMS_DestroyVideoSource(0); return 0; }
--------------------------------------------------
checking for FFMS_DestroyVideoSource(0); in ffms.h... no
Failed commandline was:
--------------------------------------------------
xcrun -sdk iphonesimulator clang -Wno-error=unused-command-line-argument-hard-error-in-future -arch x86_64 conftest.c -m64  -Wall -I. -I$(SRCPATH) -arch x86_64 -mios-simulator-version-min=7.0 -arch x86_64 -std=gnu99   -lffms2 -lstdc++ -L.  -L/usr/local/Cellar/ffmpeg/2.4.3/lib -lavformat -lavcodec -lavutil -lswscale   -m64  -arch x86_64 -mios-simulator-version-min=7.0 -lm -arch x86_64 -lpthread -o conftest
warning: unknown warning option '-Werror=unused-command-line-argument-hard-error-in-future'; did you mean '-Werror=unused-command-line-argument'? [-Wunknown-warning-option]
conftest.c:1:10: fatal error: 'ffms.h' file not found
#include <ffms.h>
         ^
1 warning and 1 error generated.
--------------------------------------------------
Failed program was:
--------------------------------------------------
#include <ffms.h>
int main (void) { FFMS_DestroyVideoSource(0); return 0; }
--------------------------------------------------
checking for lsmash.h... no
Failed commandline was:
--------------------------------------------------
xcrun -sdk iphonesimulator clang -Wno-error=unused-command-line-argument-hard-error-in-future -arch x86_64 conftest.c -m64  -Wall -I. -I$(SRCPATH) -arch x86_64 -mios-simulator-version-min=7.0 -arch x86_64 -std=gnu99   -llsmash  -m64  -arch x86_64 -mios-simulator-version-min=7.0 -lm -arch x86_64 -lpthread -o conftest
warning: unknown warning option '-Werror=unused-command-line-argument-hard-error-in-future'; did you mean '-Werror=unused-command-line-argument'? [-Wunknown-warning-option]
conftest.c:1:10: fatal error: 'lsmash.h' file not found
#include <lsmash.h>
         ^
1 warning and 1 error generated.
--------------------------------------------------
Failed program was:
--------------------------------------------------
#include <lsmash.h>
int main (void) {  return 0; }
--------------------------------------------------
checking for -lz... yes
checking for gpac/isomedia.h... no
Failed commandline was:
--------------------------------------------------
xcrun -sdk iphonesimulator clang -Wno-error=unused-command-line-argument-hard-error-in-future -arch x86_64 conftest.c -m64  -Wall -I. -I$(SRCPATH) -arch x86_64 -mios-simulator-version-min=7.0 -arch x86_64 -std=gnu99  -lgpac_static -lz  -m64  -arch x86_64 -mios-simulator-version-min=7.0 -lm -arch x86_64 -lpthread -o conftest
warning: unknown warning option '-Werror=unused-command-line-argument-hard-error-in-future'; did you mean '-Werror=unused-command-line-argument'? [-Wunknown-warning-option]
conftest.c:1:10: fatal error: 'gpac/isomedia.h' file not found
#include <gpac/isomedia.h>
         ^
1 warning and 1 error generated.
--------------------------------------------------
Failed program was:
--------------------------------------------------
#include <gpac/isomedia.h>
int main (void) {  return 0; }
--------------------------------------------------
checking for uint32_t test_vec __attribute__ ((vector_size (16))) = {0,1,2,3}; in stdint.h... yes
checking for stdio.h... no
Failed commandline was:
--------------------------------------------------
xcrun -sdk iphonesimulator clang -Wno-error=unused-command-line-argument-hard-error-in-future -arch x86_64 conftest.c -m64  -Wall -I. -I$(SRCPATH) -arch x86_64 -mios-simulator-version-min=7.0 -arch x86_64 -std=gnu99 -fPIC  -shared -Wl,-Bsymbolic -ldl  -m64  -arch x86_64 -mios-simulator-version-min=7.0 -lm -arch x86_64 -lpthread -o conftest
warning: unknown warning option '-Werror=unused-command-line-argument-hard-error-in-future'; did you mean '-Werror=unused-command-line-argument'? [-Wunknown-warning-option]
1 warning generated.
ld: unknown option: -Bsymbolic
clang: error: linker command failed with exit code 1 (use -v to see invocation)
--------------------------------------------------
Failed program was:
--------------------------------------------------
#include <stdio.h>
int main (void) {  return 0; }
--------------------------------------------------
checking for -fno-tree-vectorize... yes
checking for fseeko(stdin,0,0); in stdio.h... yes
checking for -Wshadow... yes
checking for -Wmaybe-uninitialized... yes

platform:      X86_64
system:        MACOSX
cli:           no
libx264:       internal
shared:        no
static:        yes
asm:           yes
interlaced:    yes
avs:           avxsynth
lavf:          no
ffms:          no
mp4:           no
gpl:           yes
thread:        posix
opencl:        yes
filters:       crop select_every 
debug:         no
gprof:         no
strip:         no
PIC:           yes
bit depth:     8
chroma format: all
